{
  "stats": {
    "suites": 2,
    "tests": 4,
    "passes": 4,
    "pending": 0,
    "failures": 0,
    "start": "2020-07-31T17:07:07.684Z",
    "end": "2020-07-31T17:07:09.635Z",
    "duration": 1951,
    "testsRegistered": 4,
    "passPercent": 100,
    "pendingPercent": 0,
    "other": 0,
    "hasOther": false,
    "skipped": 0,
    "hasSkipped": false
  },
  "results": [
    {
      "uuid": "382eac70-b5f0-46a8-b412-9dcce52b3d27",
      "title": "",
      "fullFile": "",
      "file": "",
      "beforeHooks": [],
      "afterHooks": [
        {
          "title": "\"after each\" hook",
          "fullTitle": "\"after each\" hook",
          "timedOut": false,
          "duration": 0,
          "state": null,
          "speed": null,
          "pass": false,
          "fail": false,
          "pending": false,
          "context": null,
          "code": "checkForUnfulfilledExpectations.call(this);\nrecordedExpects = [];",
          "err": {},
          "uuid": "9c0294e0-2559-4298-8bc8-9297d2c244e1",
          "parentUUID": "382eac70-b5f0-46a8-b412-9dcce52b3d27",
          "isHook": true,
          "skipped": false
        }
      ],
      "tests": [],
      "suites": [
        {
          "uuid": "49523ffd-0b45-4b4b-96f1-dbcf981f74d2",
          "title": "BDD + Hooks",
          "fullFile": "/Users/arunkumaraswamy/Documents/projects/Study/Javascript/ChakramAPITesting/test/bddhooks.spec.js",
          "file": "/test/bddhooks.spec.js",
          "beforeHooks": [
            {
              "title": "\"before all\" hook: Before API",
              "fullTitle": "BDD + Hooks \"before all\" hook: Before API",
              "timedOut": false,
              "duration": 774,
              "state": null,
              "speed": null,
              "pass": false,
              "fail": false,
              "pending": false,
              "context": null,
              "code": "var response = await chakram.post(\"https://reqres.in/api/users\",{\n    name: \"morpheus\",\n    job: \"leader\"\n});\nawait expect(response).to.have.status(201);\nthingName = await response.body.id;\n_6ba‍.g.console.log(thingName);\nawait expect(response.body.name).to.equal('morpheus');\nawait expect(response.body.id).to.not.equal(null);\nreturn chakram.wait();",
              "err": {},
              "uuid": "3954d5e6-4979-426c-a038-677efc2b39e6",
              "parentUUID": "49523ffd-0b45-4b4b-96f1-dbcf981f74d2",
              "isHook": true,
              "skipped": false
            }
          ],
          "afterHooks": [
            {
              "title": "\"after all\" hook: update dweet with result",
              "fullTitle": "BDD + Hooks \"after all\" hook: update dweet with result",
              "timedOut": false,
              "duration": 0,
              "state": null,
              "speed": null,
              "pass": false,
              "fail": false,
              "pending": false,
              "context": null,
              "code": "console.log('-----XXXX______------')",
              "err": {},
              "uuid": "2ac64116-187f-45c8-a086-067f67d3e658",
              "parentUUID": "49523ffd-0b45-4b4b-96f1-dbcf981f74d2",
              "isHook": true,
              "skipped": false
            }
          ],
          "tests": [
            {
              "title": "should verify the added data",
              "fullTitle": "BDD + Hooks should verify the added data",
              "timedOut": false,
              "duration": 166,
              "state": "passed",
              "speed": "slow",
              "pass": true,
              "fail": false,
              "pending": false,
              "context": null,
              "code": "const postedData = chakram.get(\"https://reqres.in/api/users/2\");\nexpect(postedData).to.have.status(200);\nreturn chakram.wait();",
              "err": {},
              "uuid": "abe67a76-7737-4535-82b3-0ed07e6fbe44",
              "parentUUID": "49523ffd-0b45-4b4b-96f1-dbcf981f74d2",
              "isHook": false,
              "skipped": false
            }
          ],
          "suites": [],
          "passes": [
            "abe67a76-7737-4535-82b3-0ed07e6fbe44"
          ],
          "failures": [],
          "pending": [],
          "skipped": [],
          "duration": 166,
          "root": false,
          "rootEmpty": false,
          "_timeout": 2000
        },
        {
          "uuid": "781e95ad-d584-479b-9479-4c2ec8b2ed32",
          "title": "Chakram",
          "fullFile": "/Users/arunkumaraswamy/Documents/projects/Study/Javascript/ChakramAPITesting/test/sample.spec.js",
          "file": "/test/sample.spec.js",
          "beforeHooks": [],
          "afterHooks": [],
          "tests": [
            {
              "title": "should provide HTTP specific assertions - Omdb",
              "fullTitle": "Chakram should provide HTTP specific assertions - Omdb",
              "timedOut": false,
              "duration": 160,
              "state": "passed",
              "speed": "slow",
              "pass": true,
              "fail": false,
              "pending": false,
              "context": null,
              "code": "var response = await chakram.get(\"https://reqres.in/api/users/2\");\nawait expect(response).to.have.status(200);\n    await expect(response).to.comprise.of.json(\n        {\n            data: {\n                avatar: \"https://s3.amazonaws.com/uifaces/faces/twitter/josephstein/128.jpg\",\n                email: \"janet.weaver@reqres.in\",\n                first_name: \"Janet\",\n                id: 2,\n                last_name: \"Weaver\"\n            },\n            ad: {\n                company: \"StatusCode Weekly\",\n                text: \"A weekly newsletter focusing on software development, infrastructure, the server, performance, and the stack end of things.\",\n                url: \"http://statuscode.org/\"\n            }\n        }\n    );\nreturn chakram.wait();",
              "err": {},
              "uuid": "c9285f7b-b702-4ede-84e6-86fe77d9d957",
              "parentUUID": "781e95ad-d584-479b-9479-4c2ec8b2ed32",
              "isHook": false,
              "skipped": false
            },
            {
              "title": "should provide HTTP specific assertions - 2",
              "fullTitle": "Chakram should provide HTTP specific assertions - 2",
              "timedOut": false,
              "duration": 172,
              "state": "passed",
              "speed": "slow",
              "pass": true,
              "fail": false,
              "pending": false,
              "context": null,
              "code": "var response = await chakram.get(\"https://reqres.in/api/users/2\");\nawait expect(response).to.have.status(200);\n_8b7‍.g.console.log(response.body);\nawait expect(response).to.comprise.of.json(\n    {\n        data: {\n            avatar: \"https://s3.amazonaws.com/uifaces/faces/twitter/josephstein/128.jpg\",\n            email: \"janet.weaver@reqres.in\",\n            first_name: \"Janet\",\n            id: 2,\n            last_name: \"Weaver\"\n        },\n        ad: {\n            company: \"StatusCode Weekly\",\n            text: \"A weekly newsletter focusing on software development, infrastructure, the server, performance, and the stack end of things.\",\n            url: \"http://statuscode.org/\"\n        }\n    }\n);\nreturn chakram.wait();",
              "err": {},
              "uuid": "51dd75bb-7edc-44e3-9438-8e0b510c161e",
              "parentUUID": "781e95ad-d584-479b-9479-4c2ec8b2ed32",
              "isHook": false,
              "skipped": false
            },
            {
              "title": "should provide HTTP specific assertions - POST",
              "fullTitle": "Chakram should provide HTTP specific assertions - POST",
              "timedOut": false,
              "duration": 668,
              "state": "passed",
              "speed": "slow",
              "pass": true,
              "fail": false,
              "pending": false,
              "context": null,
              "code": "var response = await chakram.post(\"https://reqres.in/api/users\",{\n    name: \"morpheus\",\n    job: \"leader\"\n});\nawait expect(response).to.have.status(201);\n_8b7‍.g.console.log(response.body);\n       await expect(response.body.name).to.equal('morpheus');\n       await expect(response.body.id).to.not.equal(null);\nreturn chakram.wait();",
              "err": {},
              "uuid": "f1cb35d1-d0b8-468c-9e65-deb14d23d4b6",
              "parentUUID": "781e95ad-d584-479b-9479-4c2ec8b2ed32",
              "isHook": false,
              "skipped": false
            }
          ],
          "suites": [],
          "passes": [
            "c9285f7b-b702-4ede-84e6-86fe77d9d957",
            "51dd75bb-7edc-44e3-9438-8e0b510c161e",
            "f1cb35d1-d0b8-468c-9e65-deb14d23d4b6"
          ],
          "failures": [],
          "pending": [],
          "skipped": [],
          "duration": 1000,
          "root": false,
          "rootEmpty": false,
          "_timeout": 2000
        }
      ],
      "passes": [],
      "failures": [],
      "pending": [],
      "skipped": [],
      "duration": 0,
      "root": true,
      "rootEmpty": true,
      "_timeout": 2000
    }
  ],
  "meta": {
    "mocha": {
      "version": "8.0.1"
    },
    "mochawesome": {
      "options": {
        "quiet": false,
        "reportFilename": "mochawesome",
        "saveHtml": true,
        "saveJson": true,
        "consoleReporter": "spec",
        "useInlineDiffs": false,
        "code": true
      },
      "version": "6.1.1"
    },
    "marge": {
      "options": null,
      "version": "5.1.0"
    }
  }
}