{
  "stats": {
    "suites": 2,
    "tests": 4,
    "passes": 4,
    "pending": 0,
    "failures": 0,
    "start": "2020-07-31T17:08:20.210Z",
    "end": "2020-07-31T17:08:22.142Z",
    "duration": 1932,
    "testsRegistered": 4,
    "passPercent": 100,
    "pendingPercent": 0,
    "other": 0,
    "hasOther": false,
    "skipped": 0,
    "hasSkipped": false
  },
  "results": [
    {
      "uuid": "f0a200fe-2bb3-44e5-92a8-4bf00c2142eb",
      "title": "",
      "fullFile": "",
      "file": "",
      "beforeHooks": [],
      "afterHooks": [
        {
          "title": "\"after each\" hook",
          "fullTitle": "\"after each\" hook",
          "timedOut": false,
          "duration": 0,
          "state": null,
          "speed": null,
          "pass": false,
          "fail": false,
          "pending": false,
          "context": null,
          "code": "checkForUnfulfilledExpectations.call(this);\nrecordedExpects = [];",
          "err": {},
          "uuid": "78e452e6-eb19-4c58-98bb-614a19c27dda",
          "parentUUID": "f0a200fe-2bb3-44e5-92a8-4bf00c2142eb",
          "isHook": true,
          "skipped": false
        }
      ],
      "tests": [],
      "suites": [
        {
          "uuid": "595cdb87-3c9a-45aa-b79b-9b56c62be3b4",
          "title": "BDD + Hooks",
          "fullFile": "/Users/arunkumaraswamy/Documents/projects/Study/Javascript/ChakramAPITesting/test/bddhooks.spec.js",
          "file": "/test/bddhooks.spec.js",
          "beforeHooks": [
            {
              "title": "\"before all\" hook: Before API",
              "fullTitle": "BDD + Hooks \"before all\" hook: Before API",
              "timedOut": false,
              "duration": 741,
              "state": null,
              "speed": null,
              "pass": false,
              "fail": false,
              "pending": false,
              "context": null,
              "code": "var response = await chakram.post(\"https://reqres.in/api/users\",{\n    name: \"morpheus\",\n    job: \"leader\"\n});\nawait expect(response).to.have.status(201);\nthingName = await response.body.id;\n_6ba‍.g.console.log(thingName);\nawait expect(response.body.name).to.equal('morpheus');\nawait expect(response.body.id).to.not.equal(null);\nreturn chakram.wait();",
              "err": {},
              "uuid": "b0c30796-c9ae-4700-b79c-3f3fb0c0686a",
              "parentUUID": "595cdb87-3c9a-45aa-b79b-9b56c62be3b4",
              "isHook": true,
              "skipped": false
            }
          ],
          "afterHooks": [
            {
              "title": "\"after all\" hook: update dweet with result",
              "fullTitle": "BDD + Hooks \"after all\" hook: update dweet with result",
              "timedOut": false,
              "duration": 0,
              "state": null,
              "speed": null,
              "pass": false,
              "fail": false,
              "pending": false,
              "context": null,
              "code": "console.log('-----XXXX______------')",
              "err": {},
              "uuid": "b8dd81a7-407b-48c3-a788-fb42c91d3ecf",
              "parentUUID": "595cdb87-3c9a-45aa-b79b-9b56c62be3b4",
              "isHook": true,
              "skipped": false
            }
          ],
          "tests": [
            {
              "title": "should verify the added data",
              "fullTitle": "BDD + Hooks should verify the added data",
              "timedOut": false,
              "duration": 195,
              "state": "passed",
              "speed": "slow",
              "pass": true,
              "fail": false,
              "pending": false,
              "context": null,
              "code": "const postedData = chakram.get(\"https://reqres.in/api/users/2\");\nexpect(postedData).to.have.status(200);\nreturn chakram.wait();",
              "err": {},
              "uuid": "dad09647-8e98-4c6e-ae63-92a1eec79b2c",
              "parentUUID": "595cdb87-3c9a-45aa-b79b-9b56c62be3b4",
              "isHook": false,
              "skipped": false
            }
          ],
          "suites": [],
          "passes": [
            "dad09647-8e98-4c6e-ae63-92a1eec79b2c"
          ],
          "failures": [],
          "pending": [],
          "skipped": [],
          "duration": 195,
          "root": false,
          "rootEmpty": false,
          "_timeout": 2000
        },
        {
          "uuid": "e4aa8175-a247-4475-927f-111a358082dc",
          "title": "Chakram",
          "fullFile": "/Users/arunkumaraswamy/Documents/projects/Study/Javascript/ChakramAPITesting/test/sample.spec.js",
          "file": "/test/sample.spec.js",
          "beforeHooks": [],
          "afterHooks": [],
          "tests": [
            {
              "title": "should provide HTTP specific assertions - Omdb",
              "fullTitle": "Chakram should provide HTTP specific assertions - Omdb",
              "timedOut": false,
              "duration": 232,
              "state": "passed",
              "speed": "slow",
              "pass": true,
              "fail": false,
              "pending": false,
              "context": null,
              "code": "var response = await chakram.get(\"https://reqres.in/api/users/2\");\nawait expect(response).to.have.status(200);\n    await expect(response).to.comprise.of.json(\n        {\n            data: {\n                avatar: \"https://s3.amazonaws.com/uifaces/faces/twitter/josephstein/128.jpg\",\n                email: \"janet.weaver@reqres.in\",\n                first_name: \"Janet\",\n                id: 2,\n                last_name: \"Weaver\"\n            },\n            ad: {\n                company: \"StatusCode Weekly\",\n                text: \"A weekly newsletter focusing on software development, infrastructure, the server, performance, and the stack end of things.\",\n                url: \"http://statuscode.org/\"\n            }\n        }\n    );\nreturn chakram.wait();",
              "err": {},
              "uuid": "fe947d15-070a-40b9-974a-fe83630993a8",
              "parentUUID": "e4aa8175-a247-4475-927f-111a358082dc",
              "isHook": false,
              "skipped": false
            },
            {
              "title": "should provide HTTP specific assertions - 2",
              "fullTitle": "Chakram should provide HTTP specific assertions - 2",
              "timedOut": false,
              "duration": 173,
              "state": "passed",
              "speed": "slow",
              "pass": true,
              "fail": false,
              "pending": false,
              "context": null,
              "code": "var response = await chakram.get(\"https://reqres.in/api/users/2\");\nawait expect(response).to.have.status(200);\n_8b7‍.g.console.log(response.body);\nawait expect(response).to.comprise.of.json(\n    {\n        data: {\n            avatar: \"https://s3.amazonaws.com/uifaces/faces/twitter/josephstein/128.jpg\",\n            email: \"janet.weaver@reqres.in\",\n            first_name: \"Janet\",\n            id: 2,\n            last_name: \"Weaver\"\n        },\n        ad: {\n            company: \"StatusCode Weekly\",\n            text: \"A weekly newsletter focusing on software development, infrastructure, the server, performance, and the stack end of things.\",\n            url: \"http://statuscode.org/\"\n        }\n    }\n);\nreturn chakram.wait();",
              "err": {},
              "uuid": "1fb93a6b-9bbe-40ff-bab2-e65945d10deb",
              "parentUUID": "e4aa8175-a247-4475-927f-111a358082dc",
              "isHook": false,
              "skipped": false
            },
            {
              "title": "should provide HTTP specific assertions - POST",
              "fullTitle": "Chakram should provide HTTP specific assertions - POST",
              "timedOut": false,
              "duration": 581,
              "state": "passed",
              "speed": "slow",
              "pass": true,
              "fail": false,
              "pending": false,
              "context": null,
              "code": "var response = await chakram.post(\"https://reqres.in/api/users\",{\n    name: \"morpheus\",\n    job: \"leader\"\n});\nawait expect(response).to.have.status(201);\n_8b7‍.g.console.log(response.body);\n       await expect(response.body.name).to.equal('morpheus');\n       await expect(response.body.id).to.not.equal(null);\nreturn chakram.wait();",
              "err": {},
              "uuid": "694bb3ae-448e-414a-adee-9d6f006442fc",
              "parentUUID": "e4aa8175-a247-4475-927f-111a358082dc",
              "isHook": false,
              "skipped": false
            }
          ],
          "suites": [],
          "passes": [
            "fe947d15-070a-40b9-974a-fe83630993a8",
            "1fb93a6b-9bbe-40ff-bab2-e65945d10deb",
            "694bb3ae-448e-414a-adee-9d6f006442fc"
          ],
          "failures": [],
          "pending": [],
          "skipped": [],
          "duration": 986,
          "root": false,
          "rootEmpty": false,
          "_timeout": 2000
        }
      ],
      "passes": [],
      "failures": [],
      "pending": [],
      "skipped": [],
      "duration": 0,
      "root": true,
      "rootEmpty": true,
      "_timeout": 2000
    }
  ],
  "meta": {
    "mocha": {
      "version": "8.0.1"
    },
    "mochawesome": {
      "options": {
        "quiet": false,
        "reportFilename": "mochawesome",
        "saveHtml": true,
        "saveJson": true,
        "consoleReporter": "spec",
        "useInlineDiffs": false,
        "code": true
      },
      "version": "6.1.1"
    },
    "marge": {
      "options": null,
      "version": "5.1.0"
    }
  }
}