{
  "stats": {
    "suites": 2,
    "tests": 4,
    "passes": 4,
    "pending": 0,
    "failures": 0,
    "start": "2020-07-31T17:09:10.540Z",
    "end": "2020-07-31T17:09:12.531Z",
    "duration": 1991,
    "testsRegistered": 4,
    "passPercent": 100,
    "pendingPercent": 0,
    "other": 0,
    "hasOther": false,
    "skipped": 0,
    "hasSkipped": false
  },
  "results": [
    {
      "uuid": "53d7e964-e9b3-4831-aa7a-c215d5286783",
      "title": "",
      "fullFile": "",
      "file": "",
      "beforeHooks": [],
      "afterHooks": [
        {
          "title": "\"after each\" hook",
          "fullTitle": "\"after each\" hook",
          "timedOut": false,
          "duration": 0,
          "state": null,
          "speed": null,
          "pass": false,
          "fail": false,
          "pending": false,
          "context": null,
          "code": "checkForUnfulfilledExpectations.call(this);\nrecordedExpects = [];",
          "err": {},
          "uuid": "585f100b-3b62-41cf-a9fd-f0c868125c9e",
          "parentUUID": "53d7e964-e9b3-4831-aa7a-c215d5286783",
          "isHook": true,
          "skipped": false
        }
      ],
      "tests": [],
      "suites": [
        {
          "uuid": "47bda964-db6a-40fb-907c-268b98f324bf",
          "title": "BDD + Hooks",
          "fullFile": "/Users/arunkumaraswamy/Documents/projects/Study/Javascript/ChakramAPITesting/test/bddhooks.spec.js",
          "file": "/test/bddhooks.spec.js",
          "beforeHooks": [
            {
              "title": "\"before all\" hook: Before API",
              "fullTitle": "BDD + Hooks \"before all\" hook: Before API",
              "timedOut": false,
              "duration": 777,
              "state": null,
              "speed": null,
              "pass": false,
              "fail": false,
              "pending": false,
              "context": null,
              "code": "var response = await chakram.post(\"https://reqres.in/api/users\",{\n    name: \"morpheus\",\n    job: \"leader\"\n});\nawait expect(response).to.have.status(201);\nthingName = await response.body.id;\n_6ba‍.g.console.log(thingName);\nawait expect(response.body.name).to.equal('morpheus');\nawait expect(response.body.id).to.not.equal(null);\nreturn chakram.wait();",
              "err": {},
              "uuid": "9518acf2-3f35-4c62-b8e0-c7cb3786f8bd",
              "parentUUID": "47bda964-db6a-40fb-907c-268b98f324bf",
              "isHook": true,
              "skipped": false
            }
          ],
          "afterHooks": [
            {
              "title": "\"after all\" hook: update dweet with result",
              "fullTitle": "BDD + Hooks \"after all\" hook: update dweet with result",
              "timedOut": false,
              "duration": 1,
              "state": null,
              "speed": null,
              "pass": false,
              "fail": false,
              "pending": false,
              "context": null,
              "code": "console.log('-----XXXX______------')",
              "err": {},
              "uuid": "3fa0e18e-41d9-4b5c-a431-0f31cfdb2c52",
              "parentUUID": "47bda964-db6a-40fb-907c-268b98f324bf",
              "isHook": true,
              "skipped": false
            }
          ],
          "tests": [
            {
              "title": "should verify the added data",
              "fullTitle": "BDD + Hooks should verify the added data",
              "timedOut": false,
              "duration": 168,
              "state": "passed",
              "speed": "slow",
              "pass": true,
              "fail": false,
              "pending": false,
              "context": null,
              "code": "const postedData = chakram.get(\"https://reqres.in/api/users/2\");\nexpect(postedData).to.have.status(200);\nreturn chakram.wait();",
              "err": {},
              "uuid": "35182884-9faa-4f7b-9e9e-7bda73bf3c90",
              "parentUUID": "47bda964-db6a-40fb-907c-268b98f324bf",
              "isHook": false,
              "skipped": false
            }
          ],
          "suites": [],
          "passes": [
            "35182884-9faa-4f7b-9e9e-7bda73bf3c90"
          ],
          "failures": [],
          "pending": [],
          "skipped": [],
          "duration": 168,
          "root": false,
          "rootEmpty": false,
          "_timeout": 2000
        },
        {
          "uuid": "1313ba56-ee4c-43bf-aecc-02a7127e7e5d",
          "title": "Chakram",
          "fullFile": "/Users/arunkumaraswamy/Documents/projects/Study/Javascript/ChakramAPITesting/test/sample.spec.js",
          "file": "/test/sample.spec.js",
          "beforeHooks": [],
          "afterHooks": [],
          "tests": [
            {
              "title": "should provide HTTP specific assertions - Omdb",
              "fullTitle": "Chakram should provide HTTP specific assertions - Omdb",
              "timedOut": false,
              "duration": 169,
              "state": "passed",
              "speed": "slow",
              "pass": true,
              "fail": false,
              "pending": false,
              "context": null,
              "code": "var response = await chakram.get(\"https://reqres.in/api/users/2\");\nawait expect(response).to.have.status(200);\n    await expect(response).to.comprise.of.json(\n        {\n            data: {\n                avatar: \"https://s3.amazonaws.com/uifaces/faces/twitter/josephstein/128.jpg\",\n                email: \"janet.weaver@reqres.in\",\n                first_name: \"Janet\",\n                id: 2,\n                last_name: \"Weaver\"\n            },\n            ad: {\n                company: \"StatusCode Weekly\",\n                text: \"A weekly newsletter focusing on software development, infrastructure, the server, performance, and the stack end of things.\",\n                url: \"http://statuscode.org/\"\n            }\n        }\n    );\nreturn chakram.wait();",
              "err": {},
              "uuid": "25124071-6f04-45ff-9917-38e0ff019d10",
              "parentUUID": "1313ba56-ee4c-43bf-aecc-02a7127e7e5d",
              "isHook": false,
              "skipped": false
            },
            {
              "title": "should provide HTTP specific assertions - 2",
              "fullTitle": "Chakram should provide HTTP specific assertions - 2",
              "timedOut": false,
              "duration": 161,
              "state": "passed",
              "speed": "slow",
              "pass": true,
              "fail": false,
              "pending": false,
              "context": null,
              "code": "var response = await chakram.get(\"https://reqres.in/api/users/2\");\nawait expect(response).to.have.status(200);\n_8b7‍.g.console.log(response.body);\nawait expect(response).to.comprise.of.json(\n    {\n        data: {\n            avatar: \"https://s3.amazonaws.com/uifaces/faces/twitter/josephstein/128.jpg\",\n            email: \"janet.weaver@reqres.in\",\n            first_name: \"Janet\",\n            id: 2,\n            last_name: \"Weaver\"\n        },\n        ad: {\n            company: \"StatusCode Weekly\",\n            text: \"A weekly newsletter focusing on software development, infrastructure, the server, performance, and the stack end of things.\",\n            url: \"http://statuscode.org/\"\n        }\n    }\n);\nreturn chakram.wait();",
              "err": {},
              "uuid": "a1fe8e13-0d5f-4ba5-9430-a2a587bd043a",
              "parentUUID": "1313ba56-ee4c-43bf-aecc-02a7127e7e5d",
              "isHook": false,
              "skipped": false
            },
            {
              "title": "should provide HTTP specific assertions - POST",
              "fullTitle": "Chakram should provide HTTP specific assertions - POST",
              "timedOut": false,
              "duration": 707,
              "state": "passed",
              "speed": "slow",
              "pass": true,
              "fail": false,
              "pending": false,
              "context": null,
              "code": "var response = await chakram.post(\"https://reqres.in/api/users\",{\n    name: \"morpheus\",\n    job: \"leader\"\n});\nawait expect(response).to.have.status(201);\n_8b7‍.g.console.log(response.body);\n       await expect(response.body.name).to.equal('morpheus');\n       await expect(response.body.id).to.not.equal(null);\nreturn chakram.wait();",
              "err": {},
              "uuid": "234bb780-eb76-4a89-9830-0071b6ca4486",
              "parentUUID": "1313ba56-ee4c-43bf-aecc-02a7127e7e5d",
              "isHook": false,
              "skipped": false
            }
          ],
          "suites": [],
          "passes": [
            "25124071-6f04-45ff-9917-38e0ff019d10",
            "a1fe8e13-0d5f-4ba5-9430-a2a587bd043a",
            "234bb780-eb76-4a89-9830-0071b6ca4486"
          ],
          "failures": [],
          "pending": [],
          "skipped": [],
          "duration": 1037,
          "root": false,
          "rootEmpty": false,
          "_timeout": 2000
        }
      ],
      "passes": [],
      "failures": [],
      "pending": [],
      "skipped": [],
      "duration": 0,
      "root": true,
      "rootEmpty": true,
      "_timeout": 2000
    }
  ],
  "meta": {
    "mocha": {
      "version": "8.0.1"
    },
    "mochawesome": {
      "options": {
        "quiet": false,
        "reportFilename": "mochawesome",
        "saveHtml": true,
        "saveJson": true,
        "consoleReporter": "spec",
        "useInlineDiffs": false,
        "code": true
      },
      "version": "6.1.1"
    },
    "marge": {
      "options": null,
      "version": "5.1.0"
    }
  }
}